ICDB server [info]: [AutoSave] backup of size [59.9 kB] created successfully in location [D:\Academico\ITLA\C9\Diseño mecatrónico\IC-SHELTER Archivos\IC-SHELTER\ProjectBackup\backups\2021-10-10 15.22.53 - auto.zip]
ICDB server [critical]: Server stopping: Requesting emergency server stop: System goes to SLEEP<!#!><severity>3</severity>
ICDB server [critical]: Server stopping: Requesting emergency server stop: System goes to SLEEP<!#!><severity>3</severity>
ICDB server [info]: Starting [Autosave] backup process
ICDB server [info]: [AutoSave] backup of size [116.6 kB] created successfully in location [D:\Academico\ITLA\C9\Diseño mecatrónico\IC-SHELTER Archivos\IC-SHELTER\ProjectBackup\backups\2021-10-10 19.22.53 - auto.zip]
ICDB server [critical]: Server stopping: Requesting emergency server stop: System goes to SLEEP<!#!><severity>3</severity>
ICDB server [info]: [AutoSave] backup of size [123.1 kB] created successfully in location [D:\Academico\ITLA\C9\Diseño mecatrónico\IC-SHELTER Archivos\IC-SHELTER\ProjectBackup\backups\2021-10-11 13.31.16 - auto.zip]
Properties> This property is not defined. Please define the property before editing.
Properties> This property is not defined. Please define the property before editing.
Properties> Illegal property value, the regular expression for this property value is: (\u|\d|-|_|,|\?)*
ICDB server [info]: Starting [Autosave] backup process
ICDB server [info]: [AutoSave] backup of size [205.0 kB] created successfully in location [D:\Academico\ITLA\C9\Diseño mecatrónico\IC-SHELTER Archivos\IC-SHELTER\ProjectBackup\backups\2021-10-11 17.31.16 - auto.zip]
ICDB server [critical]: Server stopping: Requesting emergency server stop: System goes to SLEEP<!#!><severity>3</severity>
Properties> This property is not defined. Please define the property before editing.
Properties> This property is not defined. Please define the property before editing.
Properties> This property is not defined. Please define the property before editing.
Properties> This property is not defined. Please define the property before editing.
Properties> This property is not defined. Please define the property before editing.
Properties> This property is not defined. Please define the property before editing.
ICDB server [critical]: Server stopping: Requesting emergency server stop: System goes to SLEEP<!#!><severity>3</severity>
ICDB server [info]: [AutoSave] backup of size [253.8 kB] created successfully in location [D:\Academico\ITLA\C9\Diseño mecatrónico\IC-SHELTER Archivos\IC-SHELTER\ProjectBackup\backups\2021-10-18 17.00.29 - auto.zip]
Properties> This property is not defined. Please define the property before editing.
Properties> This property is not defined. Please define the property before editing.
ICDB server [info]: [AutoSave] backup of size [270.0 kB] created successfully in location [D:\Academico\ITLA\C9\Diseño mecatrónico\IC-SHELTER Archivos\IC-SHELTER\ProjectBackup\backups\2021-10-23 20.43.38 - auto.zip]
ICDB server [critical]: Server stopping: Requesting emergency server stop: System goes to SLEEP<!#!><severity>3</severity>
ICDB server [info]: Starting [Autosave] backup process
ICDB server [info]: [AutoSave] backup of size [278.4 kB] created successfully in location [D:\Academico\ITLA\C9\Diseño mecatrónico\IC-SHELTER Archivos\IC-SHELTER\ProjectBackup\backups\2021-10-24 07.09.09 - auto.zip]
ICDB server [info]: [AutoSave] backup of size [278.6 kB] created successfully in location [D:\Academico\ITLA\C9\Diseño mecatrónico\IC-SHELTER Archivos\IC-SHELTER\ProjectBackup\backups\2021-10-25 13.26.47 - auto.zip]
ICDB server [info]: [AutoSave] backup of size [276.0 kB] created successfully in location [D:\Academico\ITLA\C9\Diseño mecatrónico\IC-SHELTER Archivos\IC-SHELTER\ProjectBackup\backups\2021-10-25 20.14.56 - auto.zip]
ICDB server [info]: [AutoSave] backup of size [275.2 kB] created successfully in location [D:\Academico\ITLA\C9\Diseño mecatrónico\IC-SHELTER Archivos\IC-SHELTER\ProjectBackup\backups\2021-10-29 07.42.42 - auto.zip]
ICDB server [critical]: Server stopping: Requesting emergency server stop: System goes to SLEEP<!#!><severity>3</severity>
